# JRE version: Java(TM) SE Runtime Environment 18.9 (11.0.8+10) (build 11.0.8+10-LTS)
# Java VM: Java HotSpot(TM) 64-Bit Server VM 18.9 (11.0.8+10-LTS, mixed mode, tiered, compressed oops, parallel gc, windows-amd64)
Heap:
 PSYoungGen      total 19456K, used 16467K [0x00000000eab00000, 0x00000000ec380000, 0x0000000100000000)
  eden space 17408K, 84% used [0x00000000eab00000,0x00000000eb96cec8,0x00000000ebc00000)
  from space 2048K, 82% used [0x00000000ec180000,0x00000000ec328030,0x00000000ec380000)
  to   space 3584K, 0% used [0x00000000ebc80000,0x00000000ebc80000,0x00000000ec000000)
 ParOldGen       total 307712K, used 298586K [0x00000000c0000000, 0x00000000d2c80000, 0x00000000eab00000)
  object space 307712K, 97% used [0x00000000c0000000,0x00000000d23969f8,0x00000000d2c80000)
 Metaspace       used 96078K, capacity 100258K, committed 100352K, reserved 1140736K
  class space    used 8526K, capacity 9981K, committed 9984K, reserved 1048576K
GC Heap History (10 events):
Event: 75780.663 GC heap before
{Heap before GC invocations=8280 (full 200):
 PSYoungGen      total 12800K, used 12789K [0x00000000eab00000, 0x00000000ec700000, 0x0000000100000000)
  eden space 10240K, 100% used [0x00000000eab00000,0x00000000eb500000,0x00000000eb500000)
  from space 2560K, 99% used [0x00000000eb500000,0x00000000eb77d730,0x00000000eb780000)
  to   space 8704K, 0% used [0x00000000ebe80000,0x00000000ebe80000,0x00000000ec700000)
 ParOldGen       total 307712K, used 280554K [0x00000000c0000000, 0x00000000d2c80000, 0x00000000eab00000)
  object space 307712K, 91% used [0x00000000c0000000,0x00000000d11fa9b0,0x00000000d2c80000)
 Metaspace       used 96049K, capacity 100257K, committed 100352K, reserved 1140736K
  class space    used 8526K, capacity 9981K, committed 9984K, reserved 1048576K
}
Event: 75780.668 GC heap after
{Heap after GC invocations=8280 (full 200):
 PSYoungGen      total 17408K, used 5815K [0x00000000eab00000, 0x00000000ec480000, 0x0000000100000000)
  eden space 11264K, 0% used [0x00000000eab00000,0x00000000eab00000,0x00000000eb600000)
  from space 6144K, 94% used [0x00000000ebe80000,0x00000000ec42dcb8,0x00000000ec480000)
  to   space 6656K, 0% used [0x00000000eb780000,0x00000000eb780000,0x00000000ebe00000)
 ParOldGen       total 307712K, used 283105K [0x00000000c0000000, 0x00000000d2c80000, 0x00000000eab00000)
  object space 307712K, 92% used [0x00000000c0000000,0x00000000d14787e8,0x00000000d2c80000)
 Metaspace       used 96049K, capacity 100257K, committed 100352K, reserved 1140736K
  class space    used 8526K, capacity 9981K, committed 9984K, reserved 1048576K
}
Event: 75780.717 GC heap before
{Heap before GC invocations=8281 (full 200):
 PSYoungGen      total 17408K, used 17079K [0x00000000eab00000, 0x00000000ec480000, 0x0000000100000000)
  eden space 11264K, 100% used [0x00000000eab00000,0x00000000eb600000,0x00000000eb600000)
  from space 6144K, 94% used [0x00000000ebe80000,0x00000000ec42dcb8,0x00000000ec480000)
  to   space 6656K, 0% used [0x00000000eb780000,0x00000000eb780000,0x00000000ebe00000)
 ParOldGen       total 307712K, used 283105K [0x00000000c0000000, 0x00000000d2c80000, 0x00000000eab00000)
  object space 307712K, 92% used [0x00000000c0000000,0x00000000d14787e8,0x00000000d2c80000)
 Metaspace       used 96051K, capacity 100257K, committed 100352K, reserved 1140736K
  class space    used 8526K, capacity 9981K, committed 9984K, reserved 1048576K
}
Event: 75780.724 GC heap after
{Heap after GC invocations=8281 (full 200):
 PSYoungGen      total 19456K, used 6633K [0x00000000eab00000, 0x00000000ecf80000, 0x0000000100000000)
  eden space 12800K, 0% used [0x00000000eab00000,0x00000000eab00000,0x00000000eb780000)
  from space 6656K, 99% used [0x00000000eb780000,0x00000000ebdfa7f8,0x00000000ebe00000)
  to   space 12288K, 0% used [0x00000000ec380000,0x00000000ec380000,0x00000000ecf80000)
 ParOldGen       total 307712K, used 287376K [0x00000000c0000000, 0x00000000d2c80000, 0x00000000eab00000)
  object space 307712K, 93% used [0x00000000c0000000,0x00000000d18a4208,0x00000000d2c80000)
 Metaspace       used 96051K, capacity 100257K, committed 100352K, reserved 1140736K
  class space    used 8526K, capacity 9981K, committed 9984K, reserved 1048576K
}
Event: 75780.771 GC heap before
{Heap before GC invocations=8282 (full 200):
 PSYoungGen      total 19456K, used 19433K [0x00000000eab00000, 0x00000000ecf80000, 0x0000000100000000)
  eden space 12800K, 100% used [0x00000000eab00000,0x00000000eb780000,0x00000000eb780000)
  from space 6656K, 99% used [0x00000000eb780000,0x00000000ebdfa7f8,0x00000000ebe00000)
  to   space 12288K, 0% used [0x00000000ec380000,0x00000000ec380000,0x00000000ecf80000)
 ParOldGen       total 307712K, used 287376K [0x00000000c0000000, 0x00000000d2c80000, 0x00000000eab00000)
  object space 307712K, 93% used [0x00000000c0000000,0x00000000d18a4208,0x00000000d2c80000)
 Metaspace       used 96057K, capacity 100257K, committed 100352K, reserved 1140736K
  class space    used 8526K, capacity 9981K, committed 9984K, reserved 1048576K
}
Event: 75780.778 GC heap after
{Heap after GC invocations=8282 (full 200):
 PSYoungGen      total 17920K, used 3296K [0x00000000eab00000, 0x00000000ec700000, 0x0000000100000000)
  eden space 14336K, 0% used [0x00000000eab00000,0x00000000eab00000,0x00000000eb900000)
  from space 3584K, 91% used [0x00000000ec380000,0x00000000ec6b8000,0x00000000ec700000)
  to   space 6144K, 0% used [0x00000000ebb00000,0x00000000ebb00000,0x00000000ec100000)
 ParOldGen       total 307712K, used 292530K [0x00000000c0000000, 0x00000000d2c80000, 0x00000000eab00000)
  object space 307712K, 95% used [0x00000000c0000000,0x00000000d1dac9b8,0x00000000d2c80000)
 Metaspace       used 96057K, capacity 100257K, committed 100352K, reserved 1140736K
  class space    used 8526K, capacity 9981K, committed 9984K, reserved 1048576K
}
Event: 75780.849 GC heap before
{Heap before GC invocations=8283 (full 200):
 PSYoungGen      total 17920K, used 17632K [0x00000000eab00000, 0x00000000ec700000, 0x0000000100000000)
  eden space 14336K, 100% used [0x00000000eab00000,0x00000000eb900000,0x00000000eb900000)
  from space 3584K, 91% used [0x00000000ec380000,0x00000000ec6b8000,0x00000000ec700000)
  to   space 6144K, 0% used [0x00000000ebb00000,0x00000000ebb00000,0x00000000ec100000)
 ParOldGen       total 307712K, used 292530K [0x00000000c0000000, 0x00000000d2c80000, 0x00000000eab00000)
  object space 307712K, 95% used [0x00000000c0000000,0x00000000d1dac9b8,0x00000000d2c80000)
 Metaspace       used 96065K, capacity 100257K, committed 100352K, reserved 1140736K
  class space    used 8526K, capacity 9981K, committed 9984K, reserved 1048576K
}
Event: 75780.858 GC heap after
{Heap after GC invocations=8283 (full 200):
 PSYoungGen      total 22016K, used 6112K [0x00000000eab00000, 0x00000000ec880000, 0x0000000100000000)
  eden space 15872K, 0% used [0x00000000eab00000,0x00000000eab00000,0x00000000eba80000)
  from space 6144K, 99% used [0x00000000ebb00000,0x00000000ec0f8030,0x00000000ec100000)
  to   space 7168K, 0% used [0x00000000ec180000,0x00000000ec180000,0x00000000ec880000)
 ParOldGen       total 307712K, used 292626K [0x00000000c0000000, 0x00000000d2c80000, 0x00000000eab00000)
  object space 307712K, 95% used [0x00000000c0000000,0x00000000d1dc49b8,0x00000000d2c80000)
 Metaspace       used 96065K, capacity 100257K, committed 100352K, reserved 1140736K
  class space    used 8526K, capacity 9981K, committed 9984K, reserved 1048576K
}
Event: 75787.900 GC heap before
{Heap before GC invocations=8284 (full 200):
 PSYoungGen      total 22016K, used 21984K [0x00000000eab00000, 0x00000000ec880000, 0x0000000100000000)
  eden space 15872K, 100% used [0x00000000eab00000,0x00000000eba80000,0x00000000eba80000)
  from space 6144K, 99% used [0x00000000ebb00000,0x00000000ec0f8030,0x00000000ec100000)
  to   space 7168K, 0% used [0x00000000ec180000,0x00000000ec180000,0x00000000ec880000)
 ParOldGen       total 307712K, used 292626K [0x00000000c0000000, 0x00000000d2c80000, 0x00000000eab00000)
  object space 307712K, 95% used [0x00000000c0000000,0x00000000d1dc49b8,0x00000000d2c80000)
 Metaspace       used 96076K, capacity 100258K, committed 100352K, reserved 1140736K
  class space    used 8526K, capacity 9981K, committed 9984K, reserved 1048576K
}
Event: 75787.906 GC heap after
{Heap after GC invocations=8284 (full 200):
 PSYoungGen      total 19456K, used 1696K [0x00000000eab00000, 0x00000000ec380000, 0x0000000100000000)
  eden space 17408K, 0% used [0x00000000eab00000,0x00000000eab00000,0x00000000ebc00000)
  from space 2048K, 82% used [0x00000000ec180000,0x00000000ec328030,0x00000000ec380000)
  to   space 3584K, 0% used [0x00000000ebc80000,0x00000000ebc80000,0x00000000ec000000)
 ParOldGen       total 307712K, used 298586K [0x00000000c0000000, 0x00000000d2c80000, 0x00000000eab00000)
  object space 307712K, 97% used [0x00000000c0000000,0x00000000d23969f8,0x00000000d2c80000)
 Metaspace       used 96076K, capacity 100258K, committed 100352K, reserved 1140736K
  class space    used 8526K, capacity 9981K, committed 9984K, reserved 1048576K
}

